<?xml version="1.0" encoding="UTF-8"?>
<robot generator="Robot 7.1 (Python 3.13.0 on darwin)" generated="2024-10-24T13:47:44.827158" rpa="false" schemaversion="5">
<suite id="s1" name="Learning github" source="/Users/sarawut.o/Documents/Automate_doppio/Repositories/Learning/Learning_github">
<suite id="s1-s1" name="Mytest" source="/Users/sarawut.o/Documents/Automate_doppio/Repositories/Learning/Learning_github/mytest.robot">
<test id="s1-s1-t1" name="Test run Jenkins on GitHub" line="6">
<kw name="Log" owner="BuiltIn">
<msg time="2024-10-24T13:47:44.839431" level="WARN">Learning Jenkins and GIT</msg>
<arg>Learning Jenkins and GIT</arg>
<arg>WARN</arg>
<doc>Logs the given message with the given level.</doc>
<status status="PASS" start="2024-10-24T13:47:44.839274" elapsed="0.000488"/>
</kw>
<status status="PASS" start="2024-10-24T13:47:44.838831" elapsed="0.001080"/>
</test>
<status status="PASS" start="2024-10-24T13:47:44.837737" elapsed="0.002663"/>
</suite>
<status status="PASS" start="2024-10-24T13:47:44.828962" elapsed="0.011827"/>
</suite>
<statistics>
<total>
<stat pass="1" fail="0" skip="0">All Tests</stat>
</total>
<tag>
</tag>
<suite>
<stat pass="1" fail="0" skip="0" id="s1" name="Learning github">Learning github</stat>
<stat pass="1" fail="0" skip="0" id="s1-s1" name="Mytest">Learning github.Mytest</stat>
</suite>
</statistics>
<errors>
<msg time="2024-10-24T13:47:44.839431" level="WARN">Learning Jenkins and GIT</msg>
</errors>
</robot>
